<?xml version="1.0" encoding="UTF-8"?>
<testsuite name="demo.AppTest" tests="1" skipped="0" failures="0" errors="0" timestamp="2021-10-15T19:21:43" hostname="Nikitas-MacBook-Pro.local" time="0.04">
  <properties/>
  <testcase name="appHasAGreeting()" classname="demo.AppTest" time="0.04"/>
  <system-out><![CDATA[]]></system-out>
  <system-err><![CDATA[]]></system-err>
</testsuite>
